<?xml version="1.0" encoding="UTF-8"?>
<testsuite name="passengers-count-1"
           tests="5"
           failures="0"
           errors="0"
           skipped="0"
           time="3.909">
    <properties></properties>



            <testcase
                name="flightReservationConfirmationTest"
                time="0.061"
                classname="com.seldoc.tests.flightreservation.FlightReservationTest">
            </testcase>
            <testcase
                name="flightsSelectionTest"
                time="0.111"
                classname="com.seldoc.tests.flightreservation.FlightReservationTest">
            </testcase>
            <testcase
                name="registrationConfirmationTest"
                time="0.106"
                classname="com.seldoc.tests.flightreservation.FlightReservationTest">
            </testcase>
            <testcase
                name="userRegistrationTest"
                time="3.538"
                classname="com.seldoc.tests.flightreservation.FlightReservationTest">
            </testcase>
            <testcase
                name="flightsSearchTest"
                time="0.093"
                classname="com.seldoc.tests.flightreservation.FlightReservationTest">
            </testcase>
</testsuite>
